2022-01-24 09:35:36,143 ./run.py main 18 INFO: 确认是否存在加油员
2022-01-24 09:35:36,180 ./run.py main 18 INFO: 存在加油员
2022-01-24 09:40:10,709 ./run.py main 18 INFO: 确认是否存在加油员
2022-01-24 09:40:10,751 ./run.py main 18 INFO: 存在加油员
2022-01-24 09:52:00,522 D:/Users/ASUS/project/yzg_ui/run.py main 18 INFO: 确认是否存在加油员
2022-01-24 09:52:00,560 D:/Users/ASUS/project/yzg_ui/run.py main 18 INFO: 存在加油员
2022-01-24 10:21:36,467 D:/Users/ASUS/project/yzg_ui/run.py main 18 INFO: 确认是否存在加油员
2022-01-24 10:21:36,505 D:/Users/ASUS/project/yzg_ui/run.py main 18 INFO: 存在加油员
2022-01-24 10:21:53,075 D:/Users/ASUS/project/yzg_ui/run.py main 18 INFO: 超时
2022-01-24 10:22:58,059 D:/Users/ASUS/project/yzg_ui/run.py main 18 INFO: 确认是否存在加油员
2022-01-24 10:22:58,094 D:/Users/ASUS/project/yzg_ui/run.py main 18 INFO: 存在加油员
2022-01-24 10:26:04,137 D:/Users/ASUS/project/yzg_ui/run.py main 18 INFO: 确认是否存在加油员
2022-01-24 10:26:04,175 D:/Users/ASUS/project/yzg_ui/run.py main 18 INFO: 存在加油员
2022-01-24 11:03:52,399 D:/Users/ASUS/project/yzg_ui/run.py main 18 INFO: 确认是否存在加油员
2022-01-24 11:03:52,438 D:/Users/ASUS/project/yzg_ui/run.py main 18 INFO: 存在加油员
2022-01-24 11:03:59,535 D:/Users/ASUS/project/yzg_ui/run.py main 18 ERROR: 支付跳转失败
2022-01-24 11:27:19,366 D:/Users/ASUS/project/yzg_ui/run.py main 18 INFO: 确认是否存在加油员
2022-01-24 11:27:19,404 D:/Users/ASUS/project/yzg_ui/run.py main 18 INFO: 存在加油员
2022-01-24 14:36:50,474 ./run.py main 18 INFO: 确认是否存在加油员
2022-01-24 14:36:50,508 ./run.py main 18 INFO: 存在加油员
2022-01-24 14:41:46,394 ./run.py main 18 INFO: 确认是否存在加油员
2022-01-24 14:41:46,428 ./run.py main 18 INFO: 存在加油员
2022-01-24 14:44:13,211 ./run.py main 18 INFO: 确认是否存在加油员
2022-01-24 14:44:13,244 ./run.py main 18 INFO: 存在加油员
2022-01-24 14:46:44,743 ./run.py main 18 INFO: 确认是否存在加油员
2022-01-24 14:46:44,777 ./run.py main 18 INFO: 存在加油员
2022-01-24 15:07:11,476 ./run.py main 18 INFO: 确认是否存在加油员
2022-01-24 15:07:11,511 ./run.py main 18 INFO: 存在加油员
2022-01-24 15:07:18,356 ./run.py main 18 ERROR: 支付跳转失败
2022-01-24 15:40:41,706 ./run.py main 18 INFO: 确认是否存在加油员
2022-01-24 15:40:41,740 ./run.py main 18 INFO: 存在加油员
2022-01-24 15:40:48,755 ./run.py main 18 ERROR: 支付跳转失败
